[debug] [2023-10-18T18:07:56.790Z] ----------------------------------------------------------------------
[debug] [2023-10-18T18:07:56.791Z] Command:       /usr/local/bin/node /usr/local/bin/firebase init
[debug] [2023-10-18T18:07:56.792Z] CLI Version:   12.7.0
[debug] [2023-10-18T18:07:56.792Z] Platform:      darwin
[debug] [2023-10-18T18:07:56.792Z] Node Version:  v18.16.1
[debug] [2023-10-18T18:07:56.792Z] Time:          Wed Oct 18 2023 23:37:56 GMT+0530 (India Standard Time)
[debug] [2023-10-18T18:07:56.792Z] ----------------------------------------------------------------------
[debug] 
[debug] [2023-10-18T18:07:56.795Z] > command requires scopes: ["email","openid","https://www.googleapis.com/auth/cloudplatformprojects.readonly","https://www.googleapis.com/auth/firebase","https://www.googleapis.com/auth/cloud-platform"]
[debug] [2023-10-18T18:07:56.795Z] > authorizing via signed-in user (aryan.khatri2021@vitstudent.ac.in)
[info] 
     ######## #### ########  ######## ########     ###     ######  ########
     ##        ##  ##     ## ##       ##     ##  ##   ##  ##       ##
     ######    ##  ########  ######   ########  #########  ######  ######
     ##        ##  ##    ##  ##       ##     ## ##     ##       ## ##
     ##       #### ##     ## ######## ########  ##     ##  ######  ########

You're about to initialize a Firebase project in this directory:

  /Users/khatriaryan/Desktop/flip/pro

[info] 
=== Project Setup
[info] 
[info] First, let's associate this project directory with a Firebase project.
[info] You can create multiple project aliases by running firebase use --add, 
[info] but for now we'll just set up a default project.
[info] 
[info] i  If you want to create a project in a Google Cloud organization or folder, please use "firebase projects:create" instead, and return to this command when you've created the project. 
[debug] [2023-10-18T18:08:14.250Z] >>> [apiv2][query] POST https://cloudresourcemanager.googleapis.com/v1/projects [none]
[debug] [2023-10-18T18:08:14.251Z] >>> [apiv2][body] POST https://cloudresourcemanager.googleapis.com/v1/projects {"projectId":"cart_pro","name":"cart123"}
[debug] [2023-10-18T18:08:15.896Z] <<< [apiv2][status] POST https://cloudresourcemanager.googleapis.com/v1/projects 400
[debug] [2023-10-18T18:08:15.896Z] <<< [apiv2][body] POST https://cloudresourcemanager.googleapis.com/v1/projects {"error":{"code":400,"message":"field [project_id] has issue [project_id contains invalid characters]","status":"INVALID_ARGUMENT","details":[{"@type":"type.googleapis.com/google.rpc.BadRequest","fieldViolations":[{"field":"project_id","description":"project_id contains invalid characters"}]},{"@type":"type.googleapis.com/google.rpc.Help","links":[{"url":"https://cloud.google.com/resource-manager/reference/rest/v1/projects"}]}]}}
[debug] [2023-10-18T18:08:16.121Z] FirebaseError: HTTP Error: 400, field [project_id] has issue [project_id contains invalid characters]
    at responseToError (/usr/local/lib/node_modules/firebase-tools/lib/responseToError.js:49:12)
    at RetryOperation._fn (/usr/local/lib/node_modules/firebase-tools/lib/apiv2.js:285:77)
    at process.processTicksAndRejections (node:internal/process/task_queues:95:5)
[error] 
[error] Error: Failed to create project. See firebase-debug.log for more info.
